<?xml version="1.0" encoding="UTF-8"?>
<testsuite name="com.jckim.book.springboot.domain.posts.PostRepositoryTest" tests="2" skipped="0" failures="0" errors="0" timestamp="2020-11-22T15:41:43" hostname="DESKTOP-O1BJRB1" time="0.891">
  <properties/>
  <testcase name="게시글저장_불러오기" classname="com.jckim.book.springboot.domain.posts.PostRepositoryTest" time="0.864"/>
  <testcase name="BaseTimeEntity_등록" classname="com.jckim.book.springboot.domain.posts.PostRepositoryTest" time="0.026"/>
  <system-out><![CDATA[00:41:32.742 [Test worker] DEBUG org.springframework.test.context.junit4.SpringJUnit4ClassRunner - SpringJUnit4ClassRunner constructor called with [class com.jckim.book.springboot.domain.posts.PostRepositoryTest]
00:41:32.752 [Test worker] DEBUG org.springframework.test.context.BootstrapUtils - Instantiating CacheAwareContextLoaderDelegate from class [org.springframework.test.context.cache.DefaultCacheAwareContextLoaderDelegate]
00:41:32.768 [Test worker] DEBUG org.springframework.test.context.BootstrapUtils - Instantiating BootstrapContext using constructor [public org.springframework.test.context.support.DefaultBootstrapContext(java.lang.Class,org.springframework.test.context.CacheAwareContextLoaderDelegate)]
00:41:32.794 [Test worker] DEBUG org.springframework.test.context.BootstrapUtils - Instantiating TestContextBootstrapper for test class [com.jckim.book.springboot.domain.posts.PostRepositoryTest] from class [org.springframework.boot.test.context.SpringBootTestContextBootstrapper]
00:41:32.816 [Test worker] INFO org.springframework.boot.test.context.SpringBootTestContextBootstrapper - Neither @ContextConfiguration nor @ContextHierarchy found for test class [com.jckim.book.springboot.domain.posts.PostRepositoryTest], using SpringBootContextLoader
00:41:32.822 [Test worker] DEBUG org.springframework.test.context.support.AbstractContextLoader - Did not detect default resource location for test class [com.jckim.book.springboot.domain.posts.PostRepositoryTest]: class path resource [com/jckim/book/springboot/domain/posts/PostRepositoryTest-context.xml] does not exist
00:41:32.823 [Test worker] DEBUG org.springframework.test.context.support.AbstractContextLoader - Did not detect default resource location for test class [com.jckim.book.springboot.domain.posts.PostRepositoryTest]: class path resource [com/jckim/book/springboot/domain/posts/PostRepositoryTestContext.groovy] does not exist
00:41:32.823 [Test worker] INFO org.springframework.test.context.support.AbstractContextLoader - Could not detect default resource locations for test class [com.jckim.book.springboot.domain.posts.PostRepositoryTest]: no resource found for suffixes {-context.xml, Context.groovy}.
00:41:32.824 [Test worker] INFO org.springframework.test.context.support.AnnotationConfigContextLoaderUtils - Could not detect default configuration classes for test class [com.jckim.book.springboot.domain.posts.PostRepositoryTest]: PostRepositoryTest does not declare any static, non-private, non-final, nested classes annotated with @Configuration.
00:41:32.883 [Test worker] DEBUG org.springframework.test.context.support.ActiveProfilesUtils - Could not find an 'annotation declaring class' for annotation type [org.springframework.test.context.ActiveProfiles] and class [com.jckim.book.springboot.domain.posts.PostRepositoryTest]
00:41:32.994 [Test worker] DEBUG org.springframework.context.annotation.ClassPathScanningCandidateComponentProvider - Identified candidate component class: file [C:\Users\CK\IdeaProjects\springboot-chap1_1\build\classes\java\main\com\jckim\book\springboot\Application.class]
00:41:32.996 [Test worker] INFO org.springframework.boot.test.context.SpringBootTestContextBootstrapper - Found @SpringBootConfiguration com.jckim.book.springboot.Application for test class com.jckim.book.springboot.domain.posts.PostRepositoryTest
00:41:33.146 [Test worker] DEBUG org.springframework.boot.test.context.SpringBootTestContextBootstrapper - @TestExecutionListeners is not present for class [com.jckim.book.springboot.domain.posts.PostRepositoryTest]: using defaults.
00:41:33.147 [Test worker] INFO org.springframework.boot.test.context.SpringBootTestContextBootstrapper - Loaded default TestExecutionListener class names from location [META-INF/spring.factories]: [org.springframework.security.test.context.support.WithSecurityContextTestExecutionListener, org.springframework.security.test.context.support.ReactorContextTestExecutionListener, org.springframework.boot.test.autoconfigure.restdocs.RestDocsTestExecutionListener, org.springframework.boot.test.autoconfigure.web.client.MockRestServiceServerResetTestExecutionListener, org.springframework.boot.test.autoconfigure.web.servlet.MockMvcPrintOnlyOnFailureTestExecutionListener, org.springframework.boot.test.autoconfigure.web.servlet.WebDriverTestExecutionListener, org.springframework.boot.test.mock.mockito.MockitoTestExecutionListener, org.springframework.boot.test.mock.mockito.ResetMocksTestExecutionListener, org.springframework.test.context.web.ServletTestExecutionListener, org.springframework.test.context.support.DirtiesContextBeforeModesTestExecutionListener, org.springframework.test.context.support.DependencyInjectionTestExecutionListener, org.springframework.test.context.support.DirtiesContextTestExecutionListener, org.springframework.test.context.transaction.TransactionalTestExecutionListener, org.springframework.test.context.jdbc.SqlScriptsTestExecutionListener]
00:41:33.179 [Test worker] INFO org.springframework.boot.test.context.SpringBootTestContextBootstrapper - Using TestExecutionListeners: [org.springframework.test.context.web.ServletTestExecutionListener@44368d28, org.springframework.test.context.support.DirtiesContextBeforeModesTestExecutionListener@69744d37, org.springframework.boot.test.mock.mockito.MockitoTestExecutionListener@512eb626, org.springframework.boot.test.autoconfigure.SpringBootDependencyInjectionTestExecutionListener@6ce147f3, org.springframework.test.context.support.DirtiesContextTestExecutionListener@1cced88a, org.springframework.test.context.transaction.TransactionalTestExecutionListener@571833d1, org.springframework.test.context.jdbc.SqlScriptsTestExecutionListener@73a33092, org.springframework.security.test.context.support.WithSecurityContextTestExecutionListener@151b2fca, org.springframework.security.test.context.support.ReactorContextTestExecutionListener@7f7bbf6b, org.springframework.boot.test.autoconfigure.restdocs.RestDocsTestExecutionListener@69eb9dee, org.springframework.boot.test.autoconfigure.web.client.MockRestServiceServerResetTestExecutionListener@32607e1, org.springframework.boot.test.autoconfigure.web.servlet.MockMvcPrintOnlyOnFailureTestExecutionListener@4f0f1d30, org.springframework.boot.test.autoconfigure.web.servlet.WebDriverTestExecutionListener@6dad735d, org.springframework.boot.test.mock.mockito.ResetMocksTestExecutionListener@581c97eb]
00:41:33.182 [Test worker] DEBUG org.springframework.test.annotation.ProfileValueUtils - Retrieved @ProfileValueSourceConfiguration [null] for test class [com.jckim.book.springboot.domain.posts.PostRepositoryTest]
00:41:33.183 [Test worker] DEBUG org.springframework.test.annotation.ProfileValueUtils - Retrieved ProfileValueSource type [class org.springframework.test.annotation.SystemProfileValueSource] for class [com.jckim.book.springboot.domain.posts.PostRepositoryTest]
00:41:33.185 [Test worker] DEBUG org.springframework.test.annotation.ProfileValueUtils - Retrieved @ProfileValueSourceConfiguration [null] for test class [com.jckim.book.springboot.domain.posts.PostRepositoryTest]
00:41:33.185 [Test worker] DEBUG org.springframework.test.annotation.ProfileValueUtils - Retrieved ProfileValueSource type [class org.springframework.test.annotation.SystemProfileValueSource] for class [com.jckim.book.springboot.domain.posts.PostRepositoryTest]
00:41:33.191 [Test worker] DEBUG org.springframework.test.context.support.AbstractDirtiesContextTestExecutionListener - Before test class: context [DefaultTestContext@102c0444 testClass = PostRepositoryTest, testInstance = [null], testMethod = [null], testException = [null], mergedContextConfiguration = [WebMergedContextConfiguration@7ceab492 testClass = PostRepositoryTest, locations = '{}', classes = '{class com.jckim.book.springboot.Application}', contextInitializerClasses = '[]', activeProfiles = '{}', propertySourceLocations = '{}', propertySourceProperties = '{org.springframework.boot.test.context.SpringBootTestContextBootstrapper=true}', contextCustomizers = set[org.springframework.boot.test.autoconfigure.properties.PropertyMappingContextCustomizer@0, org.springframework.boot.test.autoconfigure.web.servlet.WebDriverContextCustomizerFactory$Customizer@15fff38c, org.springframework.boot.test.context.filter.ExcludeFilterContextCustomizer@4596a153, org.springframework.boot.test.json.DuplicateJsonObjectContextCustomizerFactory$DuplicateJsonObjectContextCustomizer@5c9e9c0e, org.springframework.boot.test.mock.mockito.MockitoContextCustomizer@0, org.springframework.boot.test.web.client.TestRestTemplateContextCustomizer@3d926877], resourceBasePath = 'src/main/webapp', contextLoader = 'org.springframework.boot.test.context.SpringBootContextLoader', parent = [null]], attributes = map['org.springframework.test.context.web.ServletTestExecutionListener.activateListener' -> true]], class annotated with @DirtiesContext [false] with mode [null].
00:41:33.193 [Test worker] DEBUG org.springframework.test.annotation.ProfileValueUtils - Retrieved @ProfileValueSourceConfiguration [null] for test class [com.jckim.book.springboot.domain.posts.PostRepositoryTest]
00:41:33.193 [Test worker] DEBUG org.springframework.test.annotation.ProfileValueUtils - Retrieved ProfileValueSource type [class org.springframework.test.annotation.SystemProfileValueSource] for class [com.jckim.book.springboot.domain.posts.PostRepositoryTest]
00:41:33.227 [Test worker] DEBUG org.springframework.test.context.support.TestPropertySourceUtils - Adding inlined properties to environment: {spring.jmx.enabled=false, org.springframework.boot.test.context.SpringBootTestContextBootstrapper=true, server.port=-1}

  .   ____          _            __ _ _
 /\\ / ___'_ __ _ _(_)_ __  __ _ \ \ \ \
( ( )\___ | '_ | '_| | '_ \/ _` | \ \ \ \
 \\/  ___)| |_)| | | | | || (_| |  ) ) ) )
  '  |____| .__|_| |_|_| |_\__, | / / / /
 =========|_|==============|___/=/_/_/_/
 :: Spring Boot ::        (v2.1.7.RELEASE)

2020-11-23 00:41:33.579  INFO 48248 --- [    Test worker] c.j.b.s.domain.posts.PostRepositoryTest  : Starting PostRepositoryTest on DESKTOP-O1BJRB1 with PID 48248 (started by CK in C:\Users\CK\IdeaProjects\springboot-chap1_1)
2020-11-23 00:41:33.582  INFO 48248 --- [    Test worker] c.j.b.s.domain.posts.PostRepositoryTest  : No active profile set, falling back to default profiles: default
2020-11-23 00:41:34.910  INFO 48248 --- [    Test worker] .s.d.r.c.RepositoryConfigurationDelegate : Bootstrapping Spring Data repositories in DEFAULT mode.
2020-11-23 00:41:35.049  INFO 48248 --- [    Test worker] .s.d.r.c.RepositoryConfigurationDelegate : Finished Spring Data repository scanning in 121ms. Found 2 repository interfaces.
2020-11-23 00:41:35.684  INFO 48248 --- [    Test worker] trationDelegate$BeanPostProcessorChecker : Bean 'org.springframework.transaction.annotation.ProxyTransactionManagementConfiguration' of type [org.springframework.transaction.annotation.ProxyTransactionManagementConfiguration$$EnhancerBySpringCGLIB$$f47b7607] is not eligible for getting processed by all BeanPostProcessors (for example: not eligible for auto-proxying)
2020-11-23 00:41:35.994  INFO 48248 --- [    Test worker] com.zaxxer.hikari.HikariDataSource       : HikariPool-1 - Starting...
2020-11-23 00:41:36.228  INFO 48248 --- [    Test worker] com.zaxxer.hikari.HikariDataSource       : HikariPool-1 - Start completed.
2020-11-23 00:41:36.358  INFO 48248 --- [    Test worker] o.hibernate.jpa.internal.util.LogHelper  : HHH000204: Processing PersistenceUnitInfo [
	name: default
	...]
2020-11-23 00:41:36.480  INFO 48248 --- [    Test worker] org.hibernate.Version                    : HHH000412: Hibernate Core {5.3.10.Final}
2020-11-23 00:41:36.482  INFO 48248 --- [    Test worker] org.hibernate.cfg.Environment            : HHH000206: hibernate.properties not found
2020-11-23 00:41:36.744  INFO 48248 --- [    Test worker] o.hibernate.annotations.common.Version   : HCANN000001: Hibernate Commons Annotations {5.0.4.Final}
2020-11-23 00:41:37.011  INFO 48248 --- [    Test worker] org.hibernate.dialect.Dialect            : HHH000400: Using dialect: org.hibernate.dialect.MySQL5InnoDBDialect
Hibernate: drop table if exists posts
Hibernate: drop table if exists user
Hibernate: create table posts (id bigint not null auto_increment, created_date datetime, modified_date datetime, author varchar(255), content TEXT not null, title varchar(500) not null, primary key (id)) engine=InnoDB
Hibernate: create table user (id bigint not null auto_increment, created_date datetime, modified_date datetime, email varchar(255) not null, name varchar(255) not null, picture varchar(255), role varchar(255), primary key (id)) engine=InnoDB
2020-11-23 00:41:38.038  INFO 48248 --- [    Test worker] o.h.t.schema.internal.SchemaCreatorImpl  : HHH000476: Executing import script 'org.hibernate.tool.schema.internal.exec.ScriptSourceInputNonExistentImpl@1165f8ef'
2020-11-23 00:41:38.043  INFO 48248 --- [    Test worker] j.LocalContainerEntityManagerFactoryBean : Initialized JPA EntityManagerFactory for persistence unit 'default'
2020-11-23 00:41:38.938  INFO 48248 --- [    Test worker] o.h.h.i.QueryTranslatorFactoryInitiator  : HHH000397: Using ASTQueryTranslatorFactory
2020-11-23 00:41:40.039  INFO 48248 --- [    Test worker] o.s.s.web.DefaultSecurityFilterChain     : Creating filter chain: any request, [org.springframework.security.web.context.request.async.WebAsyncManagerIntegrationFilter@337794f6, org.springframework.security.web.context.SecurityContextPersistenceFilter@5cee173b, org.springframework.security.web.header.HeaderWriterFilter@476a5f88, org.springframework.security.web.authentication.logout.LogoutFilter@60c7ead5, org.springframework.security.oauth2.client.web.OAuth2AuthorizationRequestRedirectFilter@4835c3b8, org.springframework.security.oauth2.client.web.OAuth2LoginAuthenticationFilter@1aab664e, org.springframework.security.web.authentication.ui.DefaultLoginPageGeneratingFilter@1da0deda, org.springframework.security.web.authentication.ui.DefaultLogoutPageGeneratingFilter@33723eb5, org.springframework.security.web.savedrequest.RequestCacheAwareFilter@ac4817a, org.springframework.security.web.servletapi.SecurityContextHolderAwareRequestFilter@5d42eda3, org.springframework.security.web.authentication.AnonymousAuthenticationFilter@632b3a57, org.springframework.security.web.session.SessionManagementFilter@300b4222, org.springframework.security.web.access.ExceptionTranslationFilter@4b475810, org.springframework.security.web.access.intercept.FilterSecurityInterceptor@78474eac]
2020-11-23 00:41:41.129  INFO 48248 --- [    Test worker] o.s.s.concurrent.ThreadPoolTaskExecutor  : Initializing ExecutorService 'applicationTaskExecutor'
2020-11-23 00:41:41.255  WARN 48248 --- [    Test worker] aWebConfiguration$JpaWebMvcConfiguration : spring.jpa.open-in-view is enabled by default. Therefore, database queries may be performed during view rendering. Explicitly configure spring.jpa.open-in-view to disable this warning
2020-11-23 00:41:41.385  INFO 48248 --- [    Test worker] o.s.b.a.w.s.WelcomePageHandlerMapping    : Adding welcome page template: index
2020-11-23 00:41:43.109  INFO 48248 --- [    Test worker] s.a.ScheduledAnnotationBeanPostProcessor : No TaskScheduler/ScheduledExecutorService bean found for scheduled processing
2020-11-23 00:41:43.144  INFO 48248 --- [    Test worker] c.j.b.s.domain.posts.PostRepositoryTest  : Started PostRepositoryTest in 9.903 seconds (JVM running for 11.361)
Hibernate: insert into posts (created_date, modified_date, author, content, title) values (?, ?, ?, ?, ?)
Hibernate: select posts0_.id as id1_0_, posts0_.created_date as created_2_0_, posts0_.modified_date as modified3_0_, posts0_.author as author4_0_, posts0_.content as content5_0_, posts0_.title as title6_0_ from posts posts0_
Hibernate: select posts0_.id as id1_0_, posts0_.created_date as created_2_0_, posts0_.modified_date as modified3_0_, posts0_.author as author4_0_, posts0_.content as content5_0_, posts0_.title as title6_0_ from posts posts0_
Hibernate: delete from posts where id=?
Hibernate: insert into posts (created_date, modified_date, author, content, title) values (?, ?, ?, ?, ?)
Hibernate: select posts0_.id as id1_0_, posts0_.created_date as created_2_0_, posts0_.modified_date as modified3_0_, posts0_.author as author4_0_, posts0_.content as content5_0_, posts0_.title as title6_0_ from posts posts0_
>>>>>>>>>>>>>>>>> createDate=2020-11-23T00:41:44.071, modifiedDate=2020-11-23T00:41:44.071
Hibernate: select posts0_.id as id1_0_, posts0_.created_date as created_2_0_, posts0_.modified_date as modified3_0_, posts0_.author as author4_0_, posts0_.content as content5_0_, posts0_.title as title6_0_ from posts posts0_
Hibernate: delete from posts where id=?
]]></system-out>
  <system-err><![CDATA[]]></system-err>
</testsuite>
