<?xml version="1.0" encoding="UTF-8"?>
<testsuite name="com.jckim.book.springboot.web.dto.HelloResponseDTOTest" tests="1" skipped="0" failures="0" errors="0" timestamp="2020-11-20T13:21:24" hostname="DESKTOP-O1BJRB1" time="0.004">
  <properties/>
  <testcase name="롬복_기능_테스트" classname="com.jckim.book.springboot.web.dto.HelloResponseDTOTest" time="0.004"/>
  <system-out><![CDATA[]]></system-out>
  <system-err><![CDATA[]]></system-err>
</testsuite>
