<?xml version="1.0" encoding="UTF-8"?>
<testsuite name="com.jckim.book.springboot.web.HelloControllerTest" tests="2" skipped="0" failures="0" errors="0" timestamp="2020-11-22T15:41:46" hostname="DESKTOP-O1BJRB1" time="0.325">
  <properties/>
  <testcase name="hello가_리턴" classname="com.jckim.book.springboot.web.HelloControllerTest" time="0.165"/>
  <testcase name="helloDTO_리턴" classname="com.jckim.book.springboot.web.HelloControllerTest" time="0.16"/>
  <system-out><![CDATA[2020-11-23 00:41:44.133  INFO 48248 --- [    Test worker] .b.t.a.w.s.WebMvcTestContextBootstrapper : Neither @ContextConfiguration nor @ContextHierarchy found for test class [com.jckim.book.springboot.web.HelloControllerTest], using SpringBootContextLoader
2020-11-23 00:41:44.135  INFO 48248 --- [    Test worker] o.s.t.c.support.AbstractContextLoader    : Could not detect default resource locations for test class [com.jckim.book.springboot.web.HelloControllerTest]: no resource found for suffixes {-context.xml, Context.groovy}.
2020-11-23 00:41:44.135  INFO 48248 --- [    Test worker] t.c.s.AnnotationConfigContextLoaderUtils : Could not detect default configuration classes for test class [com.jckim.book.springboot.web.HelloControllerTest]: HelloControllerTest does not declare any static, non-private, non-final, nested classes annotated with @Configuration.
2020-11-23 00:41:44.207  INFO 48248 --- [    Test worker] .b.t.c.SpringBootTestContextBootstrapper : Found @SpringBootConfiguration com.jckim.book.springboot.Application for test class com.jckim.book.springboot.web.HelloControllerTest
2020-11-23 00:41:44.208  INFO 48248 --- [    Test worker] .b.t.a.w.s.WebMvcTestContextBootstrapper : Loaded default TestExecutionListener class names from location [META-INF/spring.factories]: [org.springframework.security.test.context.support.WithSecurityContextTestExecutionListener, org.springframework.security.test.context.support.ReactorContextTestExecutionListener, org.springframework.boot.test.autoconfigure.restdocs.RestDocsTestExecutionListener, org.springframework.boot.test.autoconfigure.web.client.MockRestServiceServerResetTestExecutionListener, org.springframework.boot.test.autoconfigure.web.servlet.MockMvcPrintOnlyOnFailureTestExecutionListener, org.springframework.boot.test.autoconfigure.web.servlet.WebDriverTestExecutionListener, org.springframework.boot.test.mock.mockito.MockitoTestExecutionListener, org.springframework.boot.test.mock.mockito.ResetMocksTestExecutionListener, org.springframework.test.context.web.ServletTestExecutionListener, org.springframework.test.context.support.DirtiesContextBeforeModesTestExecutionListener, org.springframework.test.context.support.DependencyInjectionTestExecutionListener, org.springframework.test.context.support.DirtiesContextTestExecutionListener, org.springframework.test.context.transaction.TransactionalTestExecutionListener, org.springframework.test.context.jdbc.SqlScriptsTestExecutionListener]
2020-11-23 00:41:44.212  INFO 48248 --- [    Test worker] .b.t.a.w.s.WebMvcTestContextBootstrapper : Using TestExecutionListeners: [org.springframework.test.context.web.ServletTestExecutionListener@7d419280, org.springframework.test.context.support.DirtiesContextBeforeModesTestExecutionListener@20255c88, org.springframework.boot.test.mock.mockito.MockitoTestExecutionListener@4ead4177, org.springframework.boot.test.autoconfigure.SpringBootDependencyInjectionTestExecutionListener@1b9b60e7, org.springframework.test.context.support.DirtiesContextTestExecutionListener@6abf2486, org.springframework.test.context.transaction.TransactionalTestExecutionListener@6074e445, org.springframework.test.context.jdbc.SqlScriptsTestExecutionListener@44f6a7c5, org.springframework.security.test.context.support.WithSecurityContextTestExecutionListener@4aa7be4, org.springframework.security.test.context.support.ReactorContextTestExecutionListener@1722f4e3, org.springframework.boot.test.autoconfigure.restdocs.RestDocsTestExecutionListener@50336c8e, org.springframework.boot.test.autoconfigure.web.client.MockRestServiceServerResetTestExecutionListener@218a21c2, org.springframework.boot.test.autoconfigure.web.servlet.MockMvcPrintOnlyOnFailureTestExecutionListener@76a80b4c, org.springframework.boot.test.autoconfigure.web.servlet.WebDriverTestExecutionListener@762d6c96, org.springframework.boot.test.mock.mockito.ResetMocksTestExecutionListener@3db129c1]

  .   ____          _            __ _ _
 /\\ / ___'_ __ _ _(_)_ __  __ _ \ \ \ \
( ( )\___ | '_ | '_| | '_ \/ _` | \ \ \ \
 \\/  ___)| |_)| | | | | || (_| |  ) ) ) )
  '  |____| .__|_| |_|_| |_\__, | / / / /
 =========|_|==============|___/=/_/_/_/
 :: Spring Boot ::        (v2.1.7.RELEASE)

2020-11-23 00:41:44.290  INFO 48248 --- [    Test worker] c.j.b.s.web.HelloControllerTest          : Starting HelloControllerTest on DESKTOP-O1BJRB1 with PID 48248 (started by CK in C:\Users\CK\IdeaProjects\springboot-chap1_1)
2020-11-23 00:41:44.291  INFO 48248 --- [    Test worker] c.j.b.s.web.HelloControllerTest          : No active profile set, falling back to default profiles: default
2020-11-23 00:41:45.386  INFO 48248 --- [    Test worker] o.s.s.concurrent.ThreadPoolTaskExecutor  : Initializing ExecutorService 'applicationTaskExecutor'
2020-11-23 00:41:45.462  INFO 48248 --- [    Test worker] o.s.b.a.w.s.WelcomePageHandlerMapping    : Adding welcome page template: index
2020-11-23 00:41:45.876  INFO 48248 --- [    Test worker] .s.s.UserDetailsServiceAutoConfiguration : 

Using generated security password: 299b74a3-835b-405b-985b-5a010aeaaaa1

2020-11-23 00:41:46.084  INFO 48248 --- [    Test worker] o.s.s.web.DefaultSecurityFilterChain     : Creating filter chain: any request, [org.springframework.security.web.context.request.async.WebAsyncManagerIntegrationFilter@1b29aa98, org.springframework.security.web.context.SecurityContextPersistenceFilter@7a54c363, org.springframework.security.web.header.HeaderWriterFilter@206949bc, org.springframework.security.web.csrf.CsrfFilter@6d22f1c2, org.springframework.security.web.authentication.logout.LogoutFilter@6d9b6f71, org.springframework.security.web.authentication.UsernamePasswordAuthenticationFilter@49ef91b2, org.springframework.security.web.authentication.ui.DefaultLoginPageGeneratingFilter@2f578a32, org.springframework.security.web.authentication.ui.DefaultLogoutPageGeneratingFilter@711cd1d3, org.springframework.security.web.authentication.www.BasicAuthenticationFilter@4074928e, org.springframework.security.web.savedrequest.RequestCacheAwareFilter@6700216c, org.springframework.security.web.servletapi.SecurityContextHolderAwareRequestFilter@d4ea099, org.springframework.security.web.authentication.AnonymousAuthenticationFilter@1518cd9c, org.springframework.security.web.session.SessionManagementFilter@5abf0092, org.springframework.security.web.access.ExceptionTranslationFilter@682eace1, org.springframework.security.web.access.intercept.FilterSecurityInterceptor@449bdee5]
2020-11-23 00:41:46.132  INFO 48248 --- [    Test worker] o.s.b.t.m.w.SpringBootMockServletContext : Initializing Spring TestDispatcherServlet ''
2020-11-23 00:41:46.133  INFO 48248 --- [    Test worker] o.s.t.web.servlet.TestDispatcherServlet  : Initializing Servlet ''
2020-11-23 00:41:46.151  INFO 48248 --- [    Test worker] o.s.t.web.servlet.TestDispatcherServlet  : Completed initialization in 18 ms
2020-11-23 00:41:46.188  INFO 48248 --- [    Test worker] c.j.b.s.web.HelloControllerTest          : Started HelloControllerTest in 1.97 seconds (JVM running for 14.406)
]]></system-out>
  <system-err><![CDATA[]]></system-err>
</testsuite>
