<?xml version="1.0" encoding="UTF-8"?>
<testsuite name="com.jckim.book.springboot.domain.posts.PostRepositoryTest" tests="2" skipped="0" failures="0" errors="0" timestamp="2020-11-20T13:21:23" hostname="DESKTOP-O1BJRB1" time="0.424">
  <properties/>
  <testcase name="게시글저장_불러오기" classname="com.jckim.book.springboot.domain.posts.PostRepositoryTest" time="0.408"/>
  <testcase name="BaseTimeEntity_등록" classname="com.jckim.book.springboot.domain.posts.PostRepositoryTest" time="0.016"/>
  <system-out><![CDATA[2020-11-20 22:21:17.642  INFO 5032 --- [    Test worker] .b.t.c.SpringBootTestContextBootstrapper : Neither @ContextConfiguration nor @ContextHierarchy found for test class [com.jckim.book.springboot.domain.posts.PostRepositoryTest], using SpringBootContextLoader
2020-11-20 22:21:17.643  INFO 5032 --- [    Test worker] o.s.t.c.support.AbstractContextLoader    : Could not detect default resource locations for test class [com.jckim.book.springboot.domain.posts.PostRepositoryTest]: no resource found for suffixes {-context.xml, Context.groovy}.
2020-11-20 22:21:17.643  INFO 5032 --- [    Test worker] t.c.s.AnnotationConfigContextLoaderUtils : Could not detect default configuration classes for test class [com.jckim.book.springboot.domain.posts.PostRepositoryTest]: PostRepositoryTest does not declare any static, non-private, non-final, nested classes annotated with @Configuration.
2020-11-20 22:21:17.656  INFO 5032 --- [    Test worker] .b.t.c.SpringBootTestContextBootstrapper : Found @SpringBootConfiguration com.jckim.book.springboot.Application for test class com.jckim.book.springboot.domain.posts.PostRepositoryTest
2020-11-20 22:21:17.659  INFO 5032 --- [    Test worker] .b.t.c.SpringBootTestContextBootstrapper : Loaded default TestExecutionListener class names from location [META-INF/spring.factories]: [org.springframework.security.test.context.support.WithSecurityContextTestExecutionListener, org.springframework.security.test.context.support.ReactorContextTestExecutionListener, org.springframework.boot.test.autoconfigure.restdocs.RestDocsTestExecutionListener, org.springframework.boot.test.autoconfigure.web.client.MockRestServiceServerResetTestExecutionListener, org.springframework.boot.test.autoconfigure.web.servlet.MockMvcPrintOnlyOnFailureTestExecutionListener, org.springframework.boot.test.autoconfigure.web.servlet.WebDriverTestExecutionListener, org.springframework.boot.test.mock.mockito.MockitoTestExecutionListener, org.springframework.boot.test.mock.mockito.ResetMocksTestExecutionListener, org.springframework.test.context.web.ServletTestExecutionListener, org.springframework.test.context.support.DirtiesContextBeforeModesTestExecutionListener, org.springframework.test.context.support.DependencyInjectionTestExecutionListener, org.springframework.test.context.support.DirtiesContextTestExecutionListener, org.springframework.test.context.transaction.TransactionalTestExecutionListener, org.springframework.test.context.jdbc.SqlScriptsTestExecutionListener]
2020-11-20 22:21:17.660  INFO 5032 --- [    Test worker] .b.t.c.SpringBootTestContextBootstrapper : Using TestExecutionListeners: [org.springframework.test.context.web.ServletTestExecutionListener@248da189, org.springframework.test.context.support.DirtiesContextBeforeModesTestExecutionListener@758d6ea7, org.springframework.boot.test.mock.mockito.MockitoTestExecutionListener@280f88e6, org.springframework.boot.test.autoconfigure.SpringBootDependencyInjectionTestExecutionListener@3991508e, org.springframework.test.context.support.DirtiesContextTestExecutionListener@70d93fdc, org.springframework.test.context.transaction.TransactionalTestExecutionListener@6ebf8f36, org.springframework.test.context.jdbc.SqlScriptsTestExecutionListener@3aa372bf, org.springframework.security.test.context.support.WithSecurityContextTestExecutionListener@9054045, org.springframework.security.test.context.support.ReactorContextTestExecutionListener@301ba966, org.springframework.boot.test.autoconfigure.restdocs.RestDocsTestExecutionListener@224f466c, org.springframework.boot.test.autoconfigure.web.client.MockRestServiceServerResetTestExecutionListener@358fe10, org.springframework.boot.test.autoconfigure.web.servlet.MockMvcPrintOnlyOnFailureTestExecutionListener@20fc9156, org.springframework.boot.test.autoconfigure.web.servlet.WebDriverTestExecutionListener@4dc14cb6, org.springframework.boot.test.mock.mockito.ResetMocksTestExecutionListener@15e50f44]

  .   ____          _            __ _ _
 /\\ / ___'_ __ _ _(_)_ __  __ _ \ \ \ \
( ( )\___ | '_ | '_| | '_ \/ _` | \ \ \ \
 \\/  ___)| |_)| | | | | || (_| |  ) ) ) )
  '  |____| .__|_| |_|_| |_\__, | / / / /
 =========|_|==============|___/=/_/_/_/
 :: Spring Boot ::        (v2.1.7.RELEASE)

2020-11-20 22:21:17.692  INFO 5032 --- [    Test worker] c.j.b.s.domain.posts.PostRepositoryTest  : Starting PostRepositoryTest on DESKTOP-O1BJRB1 with PID 5032 (started by CK in C:\Users\CK\IdeaProjects\springboot-chap1_1)
2020-11-20 22:21:17.693  INFO 5032 --- [    Test worker] c.j.b.s.domain.posts.PostRepositoryTest  : No active profile set, falling back to default profiles: default
2020-11-20 22:21:18.309  INFO 5032 --- [    Test worker] .s.d.r.c.RepositoryConfigurationDelegate : Bootstrapping Spring Data repositories in DEFAULT mode.
2020-11-20 22:21:18.400  INFO 5032 --- [    Test worker] .s.d.r.c.RepositoryConfigurationDelegate : Finished Spring Data repository scanning in 82ms. Found 2 repository interfaces.
2020-11-20 22:21:18.749  INFO 5032 --- [    Test worker] trationDelegate$BeanPostProcessorChecker : Bean 'org.springframework.transaction.annotation.ProxyTransactionManagementConfiguration' of type [org.springframework.transaction.annotation.ProxyTransactionManagementConfiguration$$EnhancerBySpringCGLIB$$71cd0af6] is not eligible for getting processed by all BeanPostProcessors (for example: not eligible for auto-proxying)
2020-11-20 22:21:19.029  INFO 5032 --- [    Test worker] com.zaxxer.hikari.HikariDataSource       : HikariPool-1 - Starting...
2020-11-20 22:21:19.280  INFO 5032 --- [    Test worker] com.zaxxer.hikari.HikariDataSource       : HikariPool-1 - Start completed.
2020-11-20 22:21:19.454  INFO 5032 --- [    Test worker] o.hibernate.jpa.internal.util.LogHelper  : HHH000204: Processing PersistenceUnitInfo [
	name: default
	...]
2020-11-20 22:21:19.590  INFO 5032 --- [    Test worker] org.hibernate.Version                    : HHH000412: Hibernate Core {5.3.10.Final}
2020-11-20 22:21:19.593  INFO 5032 --- [    Test worker] org.hibernate.cfg.Environment            : HHH000206: hibernate.properties not found
2020-11-20 22:21:19.697  INFO 5032 --- [    Test worker] o.hibernate.annotations.common.Version   : HCANN000001: Hibernate Commons Annotations {5.0.4.Final}
2020-11-20 22:21:20.019  INFO 5032 --- [    Test worker] org.hibernate.dialect.Dialect            : HHH000400: Using dialect: org.hibernate.dialect.MySQL5InnoDBDialect
Hibernate: drop table if exists posts
Hibernate: drop table if exists user
Hibernate: create table posts (id bigint not null auto_increment, created_date datetime, modified_date datetime, author varchar(255), content TEXT not null, title varchar(500) not null, primary key (id)) engine=InnoDB
Hibernate: create table user (id bigint not null auto_increment, created_date datetime, modified_date datetime, email varchar(255) not null, name varchar(255) not null, picture varchar(255), role varchar(255), primary key (id)) engine=InnoDB
2020-11-20 22:21:21.077  INFO 5032 --- [    Test worker] o.h.t.schema.internal.SchemaCreatorImpl  : HHH000476: Executing import script 'org.hibernate.tool.schema.internal.exec.ScriptSourceInputNonExistentImpl@6d1a5456'
2020-11-20 22:21:21.082  INFO 5032 --- [    Test worker] j.LocalContainerEntityManagerFactoryBean : Initialized JPA EntityManagerFactory for persistence unit 'default'
2020-11-20 22:21:21.741  INFO 5032 --- [    Test worker] o.h.h.i.QueryTranslatorFactoryInitiator  : HHH000397: Using ASTQueryTranslatorFactory
2020-11-20 22:21:22.277  INFO 5032 --- [    Test worker] o.s.s.web.DefaultSecurityFilterChain     : Creating filter chain: any request, [org.springframework.security.web.context.request.async.WebAsyncManagerIntegrationFilter@1f1ec865, org.springframework.security.web.context.SecurityContextPersistenceFilter@18fda099, org.springframework.security.web.header.HeaderWriterFilter@597c39a1, org.springframework.security.web.authentication.logout.LogoutFilter@3d85305c, org.springframework.security.oauth2.client.web.OAuth2AuthorizationRequestRedirectFilter@1ac4b4ab, org.springframework.security.oauth2.client.web.OAuth2LoginAuthenticationFilter@541f3034, org.springframework.security.web.authentication.ui.DefaultLoginPageGeneratingFilter@4889b8bc, org.springframework.security.web.authentication.ui.DefaultLogoutPageGeneratingFilter@26759e2b, org.springframework.security.web.savedrequest.RequestCacheAwareFilter@533ddff0, org.springframework.security.web.servletapi.SecurityContextHolderAwareRequestFilter@6b344507, org.springframework.security.web.authentication.AnonymousAuthenticationFilter@bc68441, org.springframework.security.web.session.SessionManagementFilter@58af7633, org.springframework.security.web.access.ExceptionTranslationFilter@50f37f01, org.springframework.security.web.access.intercept.FilterSecurityInterceptor@449ec73a]
2020-11-20 22:21:22.871  INFO 5032 --- [    Test worker] o.s.s.concurrent.ThreadPoolTaskExecutor  : Initializing ExecutorService 'applicationTaskExecutor'
2020-11-20 22:21:22.898  WARN 5032 --- [    Test worker] aWebConfiguration$JpaWebMvcConfiguration : spring.jpa.open-in-view is enabled by default. Therefore, database queries may be performed during view rendering. Explicitly configure spring.jpa.open-in-view to disable this warning
2020-11-20 22:21:22.970  INFO 5032 --- [    Test worker] o.s.b.a.w.s.WelcomePageHandlerMapping    : Adding welcome page template: index
2020-11-20 22:21:23.931  INFO 5032 --- [    Test worker] s.a.ScheduledAnnotationBeanPostProcessor : No TaskScheduler/ScheduledExecutorService bean found for scheduled processing
2020-11-20 22:21:23.950  INFO 5032 --- [    Test worker] c.j.b.s.domain.posts.PostRepositoryTest  : Started PostRepositoryTest in 6.288 seconds (JVM running for 10.88)
Hibernate: insert into posts (created_date, modified_date, author, content, title) values (?, ?, ?, ?, ?)
Hibernate: select posts0_.id as id1_0_, posts0_.created_date as created_2_0_, posts0_.modified_date as modified3_0_, posts0_.author as author4_0_, posts0_.content as content5_0_, posts0_.title as title6_0_ from posts posts0_
Hibernate: select posts0_.id as id1_0_, posts0_.created_date as created_2_0_, posts0_.modified_date as modified3_0_, posts0_.author as author4_0_, posts0_.content as content5_0_, posts0_.title as title6_0_ from posts posts0_
Hibernate: delete from posts where id=?
Hibernate: insert into posts (created_date, modified_date, author, content, title) values (?, ?, ?, ?, ?)
Hibernate: select posts0_.id as id1_0_, posts0_.created_date as created_2_0_, posts0_.modified_date as modified3_0_, posts0_.author as author4_0_, posts0_.content as content5_0_, posts0_.title as title6_0_ from posts posts0_
>>>>>>>>>>>>>>>>> createDate=2020-11-20T22:21:24.371, modifiedDate=2020-11-20T22:21:24.371
Hibernate: select posts0_.id as id1_0_, posts0_.created_date as created_2_0_, posts0_.modified_date as modified3_0_, posts0_.author as author4_0_, posts0_.content as content5_0_, posts0_.title as title6_0_ from posts posts0_
Hibernate: delete from posts where id=?
]]></system-out>
  <system-err><![CDATA[]]></system-err>
</testsuite>
